=> Loading Rails...
** Rails loaded.
** Starting Workling::Starling::Poller...
** Use CTRL-C to stop.
** Exiting
/Users/brainopia/code/rails/gobrain/vendor/plugins/workling/lib/workling/starling/client.rb:47:in `raise_unless_connected!': config/starling.yml configured to connect to starling on localhost:22122 for this environment. could not connect to starling on this host:port. pass starling the port with -p flag when starting it. If you don't want to use Starling at all, then explicitly set Workling::Remote.dispatcher (see README for an example) (Workling::StarlingNotFoundError)
	from /Users/brainopia/code/rails/gobrain/vendor/plugins/workling/script/../lib/workling/starling/poller.rb:42:in `join'
	from /Users/brainopia/code/rails/gobrain/vendor/plugins/workling/script/../lib/workling/starling/poller.rb:42:in `listen'
	from /Users/brainopia/code/rails/gobrain/vendor/plugins/workling/script/../lib/workling/starling/poller.rb:42:in `each'
	from /Users/brainopia/code/rails/gobrain/vendor/plugins/workling/script/../lib/workling/starling/poller.rb:42:in `listen'
	from /Users/brainopia/code/rails/gobrain/vendor/plugins/workling/script/listen.rb:19
	from /opt/local/lib/ruby/gems/1.8/gems/daemons-1.0.10/lib/daemons/application.rb:176:in `load'
	from /opt/local/lib/ruby/gems/1.8/gems/daemons-1.0.10/lib/daemons/application.rb:176:in `start_load'
	from /opt/local/lib/ruby/gems/1.8/gems/daemons-1.0.10/lib/daemons/application.rb:257:in `start'
	from /opt/local/lib/ruby/gems/1.8/gems/daemons-1.0.10/lib/daemons/controller.rb:69:in `run'
	from /opt/local/lib/ruby/gems/1.8/gems/daemons-1.0.10/lib/daemons.rb:139:in `run'
	from /opt/local/lib/ruby/gems/1.8/gems/daemons-1.0.10/lib/daemons/cmdline.rb:105:in `call'
	from /opt/local/lib/ruby/gems/1.8/gems/daemons-1.0.10/lib/daemons/cmdline.rb:105:in `catch_exceptions'
	from /opt/local/lib/ruby/gems/1.8/gems/daemons-1.0.10/lib/daemons.rb:138:in `run'
	from script/workling_starling_client:17
=> Loading Rails...
** Rails loaded.
** Starting Workling::Starling::Poller...
** Use CTRL-C to stop.
** Exiting
=> Loading Rails...
** Rails loaded.
** Starting Workling::Starling::Poller...
** Use CTRL-C to stop.
** Exiting
=> Loading Rails...
** Rails loaded.
** Starting Workling::Starling::Poller...
** Use CTRL-C to stop.
** Exiting
=> Loading Rails...
** Rails loaded.
** Starting Workling::Starling::Poller...
** Use CTRL-C to stop.
** Exiting
=> Loading Rails...
** Rails loaded.
** Starting Workling::Starling::Poller...
** Use CTRL-C to stop.
** Exiting
=> Loading Rails...
** Rails loaded.
** Starting Workling::Starling::Poller...
** Use CTRL-C to stop.
** Exiting
=> Loading Rails...
** Rails loaded.
** Starting Workling::Starling::Poller...
** Use CTRL-C to stop.
** Exiting
=> Loading Rails...
** Rails loaded.
** Starting Workling::Starling::Poller...
** Use CTRL-C to stop.
** Exiting
=> Loading Rails...
** Rails loaded.
** Starting Workling::Starling::Poller...
** Use CTRL-C to stop.
